<?xml version="1.0" encoding="UTF-8"?>
<testng-results ignored="0" total="1" passed="1" failed="0" skipped="0">
  <reporter-output>
  </reporter-output>
  <suite started-at="2023-05-26T12:23:24 IST" name="Default suite" finished-at="2023-05-26T12:23:32 IST" duration-ms="8178">
    <groups>
    </groups>
    <test started-at="2023-05-26T12:23:24 IST" name="Default test" finished-at="2023-05-26T12:23:32 IST" duration-ms="8178">
      <class name="com.selenium.practice.main.practiceSelenium">
        <test-method signature="testfunc()[pri:0, instance:com.selenium.practice.main.practiceSelenium@49dc7102]" started-at="2023-05-26T12:23:24 IST" name="testfunc" finished-at="2023-05-26T12:23:32 IST" duration-ms="8143" status="PASS">
          <reporter-output>
          </reporter-output>
        </test-method> <!-- testfunc -->
      </class> <!-- com.selenium.practice.main.practiceSelenium -->
    </test> <!-- Default test -->
  </suite> <!-- Default suite -->
</testng-results>
